<?xml version="1.0" encoding="UTF-8"?>
<!-- Generated by org.testng.reporters.JUnitReportReporter -->
<testsuite skipped="0" hostname="QTLSYS2-34" name="pack.AA_MI_PDL" tests="4" failures="0" timestamp="05 Jun 2020 16:47:19 GMT" time="907.165" errors="0">
  <testcase name="LoanWithCheck_ConvertAch_AchPrePayment_AchClr_Refund" time="328.860" classname="pack.AA_MI_PDL"/>
  <testcase name="NewLoan_ReturnPosting_60days_Writeoff" time="298.698" classname="pack.AA_MI_PDL"/>
  <testcase name="Partialpayment_Mo_DifNumber_void" time="151.506" classname="pack.AA_MI_PDL"/>
  <testcase name="Partialpayment_CCK_SameNumber" time="128.101" classname="pack.AA_MI_PDL"/>
</testsuite> <!-- pack.AA_MI_PDL -->
