<?xml version="1.0" encoding="UTF-8"?>
<!-- Generated by org.testng.reporters.JUnitReportReporter -->
<testsuite skipped="0" hostname="QTLSYS2-34" name="pack.AA_KS_PDL" tests="1" failures="0" timestamp="05 Jun 2020 11:18:02 GMT" time="53.305" errors="0">
  <testcase name="RPPPayment_With2tenderCCK_Samenumbers_Trans_ShouldNotProcessed" time="53.305" classname="pack.AA_KS_PDL"/>
</testsuite> <!-- pack.AA_KS_PDL -->
